Vivado Simulator v2024.2.0
Copyright 1986-2022 Xilinx, Inc. All Rights Reserved.
Copyright 2022-2024 Advanced Micro Devices, Inc. All Rights Reserved.
Running: C:/Xilinx/Vivado/2024.2/bin/unwrapped/win64.o/xelab.exe --incr --debug typical --relax --mt 2 -L xil_defaultlib -L unisims_ver -L unimacro_ver -L secureip --snapshot risc_tb_behav xil_defaultlib.risc_tb xil_defaultlib.glbl -log elaborate.log 
Using 2 slave threads.
Starting static elaboration
Pass Through NonSizing Optimizer
Completed static elaboration
Starting simulation data flow analysis
Completed simulation data flow analysis
Time Resolution for simulation is 1ps
Compiling module xil_defaultlib.Instruction_Memory
Compiling module xil_defaultlib.GPRs
Compiling module xil_defaultlib.alu_control
Compiling module xil_defaultlib.ALU
Compiling module xil_defaultlib.Data_Memory
Compiling module xil_defaultlib.data_path
Compiling module xil_defaultlib.control_unit
Compiling module xil_defaultlib.risc
Compiling module xil_defaultlib.risc_tb
Compiling module xil_defaultlib.glbl
Built simulation snapshot risc_tb_behav
